<?xml version="1.0" encoding="UTF-8"?>
<!-- Generated by org.testng.reporters.JUnitReportReporter -->
<testsuite skipped="0" hostname="BLRWX10568" name="com.nopCommercev2.testcases.TC_LoginDDT_002" tests="4" failures="0" timestamp="16 Mar 2020 10:52:00 GMT" time="55.594" errors="0">
  <testcase name="loginTest" time="10.124" classname="com.nopCommercev2.testcases.TC_LoginDDT_002"/>
  <testcase name="loginTest" time="24.155" classname="com.nopCommercev2.testcases.TC_LoginDDT_002"/>
  <testcase name="loginTest" time="9.452" classname="com.nopCommercev2.testcases.TC_LoginDDT_002"/>
  <testcase name="loginTest" time="11.863" classname="com.nopCommercev2.testcases.TC_LoginDDT_002"/>
</testsuite> <!-- com.nopCommercev2.testcases.TC_LoginDDT_002 -->
